Release 14.7 - xst P.20131013 (nt64)
Copyright (c) 1995-2013 Xilinx, Inc.  All rights reserved.
--> Parameter TMPDIR set to xst/projnav.tmp


Total REAL time to Xst completion: 1.00 secs
Total CPU time to Xst completion: 0.14 secs
 
--> Parameter xsthdpdir set to xst


Total REAL time to Xst completion: 1.00 secs
Total CPU time to Xst completion: 0.14 secs
 
--> Reading design: circuit_1.prj

TABLE OF CONTENTS
  1) Synthesis Options Summary
  2) HDL Parsing
  3) HDL Elaboration
  4) HDL Synthesis
       4.1) HDL Synthesis Report
  5) Advanced HDL Synthesis
       5.1) Advanced HDL Synthesis Report
  6) Low Level Synthesis
  7) Partition Report
  8) Design Summary
       8.1) Primitive and Black Box Usage
       8.2) Device utilization summary
       8.3) Partition Resource Summary
       8.4) Timing Report
            8.4.1) Clock Information
            8.4.2) Asynchronous Control Signals Information
            8.4.3) Timing Summary
            8.4.4) Timing Details
            8.4.5) Cross Clock Domains Report


=========================================================================
*                      Synthesis Options Summary                        *
=========================================================================
---- Source Parameters
Input File Name                    : "circuit_1.prj"
Ignore Synthesis Constraint File   : NO

---- Target Parameters
Output File Name                   : "circuit_1"
Output Format                      : NGC
Target Device                      : xc7a100t-3-csg324

---- Source Options
Top Module Name                    : circuit_1
Automatic FSM Extraction           : YES
FSM Encoding Algorithm             : Auto
Safe Implementation                : No
FSM Style                          : LUT
RAM Extraction                     : Yes
RAM Style                          : Auto
ROM Extraction                     : Yes
Shift Register Extraction          : YES
ROM Style                          : Auto
Resource Sharing                   : YES
Asynchronous To Synchronous        : NO
Shift Register Minimum Size        : 2
Use DSP Block                      : Auto
Automatic Register Balancing       : No

---- Target Options
LUT Combining                      : Auto
Reduce Control Sets                : Auto
Add IO Buffers                     : YES
Global Maximum Fanout              : 100000
Add Generic Clock Buffer(BUFG)     : 32
Register Duplication               : YES
Optimize Instantiated Primitives   : NO
Use Clock Enable                   : Auto
Use Synchronous Set                : Auto
Use Synchronous Reset              : Auto
Pack IO Registers into IOBs        : Auto
Equivalent register Removal        : YES

---- General Options
Optimization Goal                  : Speed
Optimization Effort                : 1
Power Reduction                    : NO
Keep Hierarchy                     : No
Netlist Hierarchy                  : As_Optimized
RTL Output                         : Yes
Global Optimization                : AllClockNets
Read Cores                         : YES
Write Timing Constraints           : NO
Cross Clock Analysis               : NO
Hierarchy Separator                : /
Bus Delimiter                      : <>
Case Specifier                     : Maintain
Slice Utilization Ratio            : 100
BRAM Utilization Ratio             : 100
DSP48 Utilization Ratio            : 100
Auto BRAM Packing                  : NO
Slice Utilization Ratio Delta      : 5

=========================================================================


=========================================================================
*                          HDL Parsing                                  *
=========================================================================
Parsing VHDL file "\\homes\lepmendes\Downloads\digital_systems_ufrgs_22_1-main\digital_systems_ufrgs_22_1-main\sd_projects\ULA_8_bits.vhd" into library work
Parsing entity <ula_n_bits>.
Parsing architecture <Behavioral> of entity <ula_n_bits>.
Parsing VHDL file "\\homes\lepmendes\Downloads\digital_systems_ufrgs_22_1-main\digital_systems_ufrgs_22_1-main\sd_projects\reg_8_bits.vhd" into library work
Parsing entity <reg_n_bits>.
Parsing architecture <Behavioral> of entity <reg_n_bits>.
Parsing VHDL file "\\homes\lepmendes\Downloads\digital_systems_ufrgs_22_1-main\digital_systems_ufrgs_22_1-main\sd_projects\counter_4_bits.vhd" into library work
Parsing entity <counter_n_bits>.
Parsing architecture <Behavioral> of entity <counter_n_bits>.
Parsing VHDL file "\\homes\lepmendes\Downloads\digital_systems_ufrgs_22_1-main\digital_systems_ufrgs_22_1-main\sd_projects\circuit_1.vhd" into library work
Parsing entity <circuit_1>.
Parsing architecture <Behavioral> of entity <circuit_1>.

=========================================================================
*                            HDL Elaboration                            *
=========================================================================

Elaborating entity <circuit_1> (architecture <Behavioral>) from library <work>.

Elaborating entity <ula_n_bits> (architecture <Behavioral>) with generics from library <work>.

Elaborating entity <counter_n_bits> (architecture <Behavioral>) with generics from library <work>.
WARNING:HDLCompiler:92 - "\\homes\lepmendes\Downloads\digital_systems_ufrgs_22_1-main\digital_systems_ufrgs_22_1-main\sd_projects\counter_4_bits.vhd" Line 30: reg_int should be on the sensitivity list of the process

Elaborating entity <reg_n_bits> (architecture <Behavioral>) with generics from library <work>.

=========================================================================
*                           HDL Synthesis                               *
=========================================================================

Synthesizing Unit <circuit_1>.
    Related source file is "\\homes\lepmendes\Downloads\digital_systems_ufrgs_22_1-main\digital_systems_ufrgs_22_1-main\sd_projects\circuit_1.vhd".
    Summary:
	no macro.
Unit <circuit_1> synthesized.

Synthesizing Unit <ula_n_bits>.
    Related source file is "\\homes\lepmendes\Downloads\digital_systems_ufrgs_22_1-main\digital_systems_ufrgs_22_1-main\sd_projects\ULA_8_bits.vhd".
        width = 8
    Found 8-bit adder for signal <X[7]_Y[7]_add_0_OUT> created at line 19.
    Found 8-bit subtractor for signal <GND_5_o_GND_5_o_sub_2_OUT<7:0>> created at line 20.
    Found 8-bit 4-to-1 multiplexer for signal <S> created at line 18.
    Summary:
	inferred   1 Adder/Subtractor(s).
	inferred   2 Multiplexer(s).
Unit <ula_n_bits> synthesized.

Synthesizing Unit <counter_n_bits>.
    Related source file is "\\homes\lepmendes\Downloads\digital_systems_ufrgs_22_1-main\digital_systems_ufrgs_22_1-main\sd_projects\counter_4_bits.vhd".
        width = 8
WARNING:Xst:647 - Input <D> is never used. This port will be preserved and left unconnected if it belongs to a top-level block or it belongs to a sub-block and the hierarchy of this sub-block is preserved.
    Found 8-bit register for signal <reg_int>.
    Found 8-bit adder for signal <reg_int[7]_GND_6_o_add_1_OUT> created at line 1241.
    Found 8-bit subtractor for signal <GND_6_o_GND_6_o_sub_1_OUT<7:0>> created at line 1308.
    Summary:
	inferred   1 Adder/Subtractor(s).
	inferred   8 D-type flip-flop(s).
Unit <counter_n_bits> synthesized.

Synthesizing Unit <reg_n_bits>.
    Related source file is "\\homes\lepmendes\Downloads\digital_systems_ufrgs_22_1-main\digital_systems_ufrgs_22_1-main\sd_projects\reg_8_bits.vhd".
        width = 8
    Found 8-bit register for signal <reg_int>.
    Summary:
	inferred   8 D-type flip-flop(s).
Unit <reg_n_bits> synthesized.

=========================================================================
HDL Synthesis Report

Macro Statistics
# Adders/Subtractors                                   : 2
 8-bit addsub                                          : 2
# Registers                                            : 3
 8-bit register                                        : 3
# Multiplexers                                         : 2
 8-bit 2-to-1 multiplexer                              : 2
# Xors                                                 : 1
 8-bit xor2                                            : 1

=========================================================================
INFO:Xst:1767 - HDL ADVISOR - Resource sharing has identified that some arithmetic operations in this design can share the same physical resources for reduced device utilization. For improved clock frequency you may try to disable resource sharing.

=========================================================================
*                       Advanced HDL Synthesis                          *
=========================================================================


Synthesizing (advanced) Unit <counter_n_bits>.
The following registers are absorbed into counter <reg_int>: 1 register on signal <reg_int>.
Unit <counter_n_bits> synthesized (advanced).

=========================================================================
Advanced HDL Synthesis Report

Macro Statistics
# Adders/Subtractors                                   : 1
 8-bit addsub                                          : 1
# Counters                                             : 1
 8-bit updown counter                                  : 1
# Registers                                            : 16
 Flip-Flops                                            : 16
# Multiplexers                                         : 2
 8-bit 2-to-1 multiplexer                              : 2
# Xors                                                 : 1
 8-bit xor2                                            : 1

=========================================================================

=========================================================================
*                         Low Level Synthesis                           *
=========================================================================

Optimizing unit <reg_n_bits> ...

Optimizing unit <circuit_1> ...

Optimizing unit <ula_n_bits> ...

Mapping all equations...
Building and optimizing final netlist ...
Found area constraint ratio of 100 (+ 5) on block circuit_1, actual ratio is 0.

Final Macro Processing ...

=========================================================================
Final Register Report

Macro Statistics
# Registers                                            : 24
 Flip-Flops                                            : 24

=========================================================================

=========================================================================
*                           Partition Report                            *
=========================================================================

Partition Implementation Status
-------------------------------

  No Partitions were found in this design.

-------------------------------

=========================================================================
*                            Design Summary                             *
=========================================================================

Top Level Output File Name         : circuit_1.ngc

Primitive and Black Box Usage:
------------------------------
# BELS                             : 55
#      INV                         : 1
#      LUT2                        : 8
#      LUT3                        : 8
#      LUT5                        : 8
#      MUXCY                       : 14
#      XORCY                       : 16
# FlipFlops/Latches                : 24
#      FDC                         : 8
#      FDCE                        : 16
# Clock Buffers                    : 1
#      BUFGP                       : 1
# IO Buffers                       : 21
#      IBUF                        : 13
#      OBUF                        : 8

Device utilization summary:
---------------------------

Selected Device : 7a100tcsg324-3 


Slice Logic Utilization: 
 Number of Slice Registers:              24  out of  126800     0%  
 Number of Slice LUTs:                   25  out of  63400     0%  
    Number used as Logic:                25  out of  63400     0%  

Slice Logic Distribution: 
 Number of LUT Flip Flop pairs used:     33
   Number with an unused Flip Flop:       9  out of     33    27%  
   Number with an unused LUT:             8  out of     33    24%  
   Number of fully used LUT-FF pairs:    16  out of     33    48%  
   Number of unique control sets:         2

IO Utilization: 
 Number of IOs:                          30
 Number of bonded IOBs:                  22  out of    210    10%  

Specific Feature Utilization:
 Number of BUFG/BUFGCTRLs:                1  out of     32     3%  

---------------------------
Partition Resource Summary:
---------------------------

  No Partitions were found in this design.

---------------------------


=========================================================================
Timing Report

NOTE: THESE TIMING NUMBERS ARE ONLY A SYNTHESIS ESTIMATE.
      FOR ACCURATE TIMING INFORMATION PLEASE REFER TO THE TRACE REPORT
      GENERATED AFTER PLACE-and-ROUTE.

Clock Information:
------------------
-----------------------------------+------------------------+-------+
Clock Signal                       | Clock buffer(FF name)  | Load  |
-----------------------------------+------------------------+-------+
Ck                                 | BUFGP                  | 24    |
-----------------------------------+------------------------+-------+

Asynchronous Control Signals Information:
----------------------------------------
No asynchronous control signals found in this design

Timing Summary:
---------------
Speed Grade: -3

   Minimum period: 2.103ns (Maximum Frequency: 475.556MHz)
   Minimum input arrival time before clock: 1.945ns
   Maximum output required time after clock: 0.640ns
   Maximum combinational path delay: No path found

Timing Details:
---------------
All values displayed in nanoseconds (ns)

=========================================================================
Timing constraint: Default period analysis for Clock 'Ck'
  Clock period: 2.103ns (frequency: 475.556MHz)
  Total number of paths / destination ports: 180 / 16
-------------------------------------------------------------------------
Delay:               2.103ns (Levels of Logic = 10)
  Source:            reg1/reg_int_0 (FF)
  Destination:       reg2/reg_int_7 (FF)
  Source Clock:      Ck rising
  Destination Clock: Ck rising

  Data Path: reg1/reg_int_0 to reg2/reg_int_7
                                Gate     Net
    Cell:in->out      fanout   Delay   Delay  Logical Name (Net Name)
    ----------------------------------------  ------------
     FDCE:C->Q             2   0.361   0.383  reg1/reg_int_0 (reg1/reg_int_0)
     LUT3:I1->O            1   0.097   0.000  ula/Mmux_S1_rs_lut<0> (ula/Mmux_S1_rs_lut<0>)
     MUXCY:S->O            1   0.353   0.000  ula/Mmux_S1_rs_cy<0> (ula/Mmux_S1_rs_cy<0>)
     MUXCY:CI->O           1   0.023   0.000  ula/Mmux_S1_rs_cy<1> (ula/Mmux_S1_rs_cy<1>)
     MUXCY:CI->O           1   0.023   0.000  ula/Mmux_S1_rs_cy<2> (ula/Mmux_S1_rs_cy<2>)
     MUXCY:CI->O           1   0.023   0.000  ula/Mmux_S1_rs_cy<3> (ula/Mmux_S1_rs_cy<3>)
     MUXCY:CI->O           1   0.023   0.000  ula/Mmux_S1_rs_cy<4> (ula/Mmux_S1_rs_cy<4>)
     MUXCY:CI->O           1   0.023   0.000  ula/Mmux_S1_rs_cy<5> (ula/Mmux_S1_rs_cy<5>)
     MUXCY:CI->O           0   0.023   0.000  ula/Mmux_S1_rs_cy<6> (ula/Mmux_S1_rs_cy<6>)
     XORCY:CI->O           1   0.370   0.295  ula/Mmux_S1_rs_xor<7> (ula/Mmux_S1_split<7>)
     LUT5:I4->O            1   0.097   0.000  ula/Mmux_S381 (w3<7>)
     FDCE:D                    0.008          reg2/reg_int_7
    ----------------------------------------
    Total                      2.103ns (1.424ns logic, 0.679ns route)
                                       (67.7% logic, 32.3% route)

=========================================================================
Timing constraint: Default OFFSET IN BEFORE for Clock 'Ck'
  Total number of paths / destination ports: 152 / 64
-------------------------------------------------------------------------
Offset:              1.945ns (Levels of Logic = 11)
  Source:            op<0> (PAD)
  Destination:       reg2/reg_int_7 (FF)
  Destination Clock: Ck rising

  Data Path: op<0> to reg2/reg_int_7
                                Gate     Net
    Cell:in->out      fanout   Delay   Delay  Logical Name (Net Name)
    ----------------------------------------  ------------
     IBUF:I->O            17   0.001   0.586  op_0_IBUF (op_0_IBUF)
     LUT3:I0->O            1   0.097   0.000  ula/Mmux_S1_rs_lut<0> (ula/Mmux_S1_rs_lut<0>)
     MUXCY:S->O            1   0.353   0.000  ula/Mmux_S1_rs_cy<0> (ula/Mmux_S1_rs_cy<0>)
     MUXCY:CI->O           1   0.023   0.000  ula/Mmux_S1_rs_cy<1> (ula/Mmux_S1_rs_cy<1>)
     MUXCY:CI->O           1   0.023   0.000  ula/Mmux_S1_rs_cy<2> (ula/Mmux_S1_rs_cy<2>)
     MUXCY:CI->O           1   0.023   0.000  ula/Mmux_S1_rs_cy<3> (ula/Mmux_S1_rs_cy<3>)
     MUXCY:CI->O           1   0.023   0.000  ula/Mmux_S1_rs_cy<4> (ula/Mmux_S1_rs_cy<4>)
     MUXCY:CI->O           1   0.023   0.000  ula/Mmux_S1_rs_cy<5> (ula/Mmux_S1_rs_cy<5>)
     MUXCY:CI->O           0   0.023   0.000  ula/Mmux_S1_rs_cy<6> (ula/Mmux_S1_rs_cy<6>)
     XORCY:CI->O           1   0.370   0.295  ula/Mmux_S1_rs_xor<7> (ula/Mmux_S1_split<7>)
     LUT5:I4->O            1   0.097   0.000  ula/Mmux_S381 (w3<7>)
     FDCE:D                    0.008          reg2/reg_int_7
    ----------------------------------------
    Total                      1.945ns (1.064ns logic, 0.881ns route)
                                       (54.7% logic, 45.3% route)

=========================================================================
Timing constraint: Default OFFSET OUT AFTER for Clock 'Ck'
  Total number of paths / destination ports: 8 / 8
-------------------------------------------------------------------------
Offset:              0.640ns (Levels of Logic = 1)
  Source:            reg2/reg_int_7 (FF)
  Destination:       S<7> (PAD)
  Source Clock:      Ck rising

  Data Path: reg2/reg_int_7 to S<7>
                                Gate     Net
    Cell:in->out      fanout   Delay   Delay  Logical Name (Net Name)
    ----------------------------------------  ------------
     FDCE:C->Q             1   0.361   0.279  reg2/reg_int_7 (reg2/reg_int_7)
     OBUF:I->O                 0.000          S_7_OBUF (S<7>)
    ----------------------------------------
    Total                      0.640ns (0.361ns logic, 0.279ns route)
                                       (56.4% logic, 43.6% route)

=========================================================================

Cross Clock Domains Report:
--------------------------

Clock to Setup on destination clock Ck
---------------+---------+---------+---------+---------+
               | Src:Rise| Src:Fall| Src:Rise| Src:Fall|
Source Clock   |Dest:Rise|Dest:Rise|Dest:Fall|Dest:Fall|
---------------+---------+---------+---------+---------+
Ck             |    2.103|         |         |         |
---------------+---------+---------+---------+---------+

=========================================================================


Total REAL time to Xst completion: 17.00 secs
Total CPU time to Xst completion: 16.33 secs
 
--> 

Total memory usage is 431252 kilobytes

Number of errors   :    0 (   0 filtered)
Number of warnings :    2 (   0 filtered)
Number of infos    :    1 (   0 filtered)

